e:\window\mfc\lmp\librarymnagementprogram\x64\debug\librarymnagementprogram.pch
e:\window\mfc\lmp\librarymnagementprogram\x64\debug\vc142.pdb
e:\window\mfc\lmp\librarymnagementprogram\x64\debug\vc142.idb
e:\window\mfc\lmp\librarymnagementprogram\x64\debug\pch.obj
e:\window\mfc\lmp\librarymnagementprogram\x64\debug\librarymnagementprogramdlg.obj
e:\window\mfc\lmp\librarymnagementprogram\x64\debug\librarymnagementprogram.obj
e:\window\mfc\lmp\librarymnagementprogram\x64\debug\librarymember.obj
e:\window\mfc\lmp\librarymnagementprogram\x64\debug\books.obj
e:\window\mfc\lmp\x64\debug\librarymnagementprogram.ilk
e:\window\mfc\lmp\x64\debug\librarymnagementprogram.exe
e:\window\mfc\lmp\x64\debug\librarymnagementprogram.pdb
e:\window\mfc\lmp\librarymnagementprogram\x64\debug\librarymnagementprogram.res
e:\window\mfc\lmp\librarymnagementprogram\x64\debug\librarym.aa609d72.tlog\cl.command.1.tlog
e:\window\mfc\lmp\librarymnagementprogram\x64\debug\librarym.aa609d72.tlog\cl.read.1.tlog
e:\window\mfc\lmp\librarymnagementprogram\x64\debug\librarym.aa609d72.tlog\cl.write.1.tlog
e:\window\mfc\lmp\librarymnagementprogram\x64\debug\librarym.aa609d72.tlog\link.command.1.tlog
e:\window\mfc\lmp\librarymnagementprogram\x64\debug\librarym.aa609d72.tlog\link.read.1.tlog
e:\window\mfc\lmp\librarymnagementprogram\x64\debug\librarym.aa609d72.tlog\link.write.1.tlog
e:\window\mfc\lmp\librarymnagementprogram\x64\debug\librarym.aa609d72.tlog\rc.command.1.tlog
e:\window\mfc\lmp\librarymnagementprogram\x64\debug\librarym.aa609d72.tlog\rc.read.1.tlog
e:\window\mfc\lmp\librarymnagementprogram\x64\debug\librarym.aa609d72.tlog\rc.write.1.tlog
